[34m[*][0m Start mutation process:
[36m   -[0m targets: fizz_buzz.py
[36m   -[0m tests: ./ts-3,5
[34m[*][0m 4 tests passed:
[36m   -[0m test-3,5-0,5-1 [0.22059 s]
[34m[*][0m Start mutants generation and execution:
[36m   -[0m [#   1] AOR fizz_buzz: 
--------------------------------------------------------------------------------
  5:     divisible by 5, add "Buzz", if it is 
  6:     divisible by both, add "FizzBuzz"
  7: 
  8:     '''
[34m- 9:     return [(('Fizz' if x % 3 == 0 else '') + ('Buzz' if x % 5 == 0 else '') or str(x)) for x in range(1, n + 1)][0m
[32m+ 9:     return [(('Fizz' if x * 3 == 0 else '') + ('Buzz' if x % 5 == 0 else '') or str(x)) for x in range(1, n + 1)][0m
--------------------------------------------------------------------------------
[0.12829 s] [32mkilled[0m by ts-3,5/test-3,5-0,5-1.py::test_fizz_buzz_divisible_by_3

def test_fizz_buzz_divisible_by_3():
>       assert fizz_buzz.fizz_buzz(3) == ['1', '2', 'Fizz']
E       AssertionError

ts-3,5/test-3,5-0,5-1.py:4: AssertionError
[36m   -[0m [#   2] AOR fizz_buzz: 
--------------------------------------------------------------------------------
  5:     divisible by 5, add "Buzz", if it is 
  6:     divisible by both, add "FizzBuzz"
  7: 
  8:     '''
[34m- 9:     return [(('Fizz' if x % 3 == 0 else '') + ('Buzz' if x % 5 == 0 else '') or str(x)) for x in range(1, n + 1)][0m
[32m+ 9:     return [(('Fizz' if x % 3 == 0 else '') - ('Buzz' if x % 5 == 0 else '') or str(x)) for x in range(1, n + 1)][0m
--------------------------------------------------------------------------------
[0.12607 s] [36mincompetent[0m

TypeError: fizz_buzz:9: TypeError: unsupported operand type(s) for -: 'str' and 'str'

[36m   -[0m [#   3] AOR fizz_buzz: 
--------------------------------------------------------------------------------
  5:     divisible by 5, add "Buzz", if it is 
  6:     divisible by both, add "FizzBuzz"
  7: 
  8:     '''
[34m- 9:     return [(('Fizz' if x % 3 == 0 else '') + ('Buzz' if x % 5 == 0 else '') or str(x)) for x in range(1, n + 1)][0m
[32m+ 9:     return [(('Fizz' if x % 3 == 0 else '') + ('Buzz' if x * 5 == 0 else '') or str(x)) for x in range(1, n + 1)][0m
--------------------------------------------------------------------------------
[0.10670 s] [32mkilled[0m by ts-3,5/test-3,5-0,5-1.py::test_fizz_buzz_divisible_by_5

def test_fizz_buzz_divisible_by_5():
>       assert fizz_buzz.fizz_buzz(5) == ['1', '2', 'Fizz', '4', 'Buzz']
E       AssertionError

ts-3,5/test-3,5-0,5-1.py:7: AssertionError
[36m   -[0m [#   4] AOR fizz_buzz: 
--------------------------------------------------------------------------------
  5:     divisible by 5, add "Buzz", if it is 
  6:     divisible by both, add "FizzBuzz"
  7: 
  8:     '''
[34m- 9:     return [(('Fizz' if x % 3 == 0 else '') + ('Buzz' if x % 5 == 0 else '') or str(x)) for x in range(1, n + 1)][0m
[32m+ 9:     return [(('Fizz' if x % 3 == 0 else '') + ('Buzz' if x % 5 == 0 else '') or str(x)) for x in range(1, n - 1)][0m
--------------------------------------------------------------------------------
[0.12594 s] [32mkilled[0m by ts-3,5/test-3,5-0,5-1.py::test_fizz_buzz_divisible_by_3

def test_fizz_buzz_divisible_by_3():
>       assert fizz_buzz.fizz_buzz(3) == ['1', '2', 'Fizz']
E       AssertionError

ts-3,5/test-3,5-0,5-1.py:4: AssertionError
[36m   -[0m [#   5] CRP fizz_buzz: 
--------------------------------------------------------------------------------
  5:     divisible by 5, add "Buzz", if it is 
  6:     divisible by both, add "FizzBuzz"
  7: 
  8:     '''
[34m- 9:     return [(('Fizz' if x % 3 == 0 else '') + ('Buzz' if x % 5 == 0 else '') or str(x)) for x in range(1, n + 1)][0m
[32m+ 9:     return [(('Fizz' if x % 4 == 0 else '') + ('Buzz' if x % 5 == 0 else '') or str(x)) for x in range(1, n + 1)][0m
--------------------------------------------------------------------------------
[0.13381 s] [32mkilled[0m by ts-3,5/test-3,5-0,5-1.py::test_fizz_buzz_divisible_by_3

def test_fizz_buzz_divisible_by_3():
>       assert fizz_buzz.fizz_buzz(3) == ['1', '2', 'Fizz']
E       AssertionError

ts-3,5/test-3,5-0,5-1.py:4: AssertionError
[36m   -[0m [#   6] CRP fizz_buzz: 
--------------------------------------------------------------------------------
  5:     divisible by 5, add "Buzz", if it is 
  6:     divisible by both, add "FizzBuzz"
  7: 
  8:     '''
[34m- 9:     return [(('Fizz' if x % 3 == 0 else '') + ('Buzz' if x % 5 == 0 else '') or str(x)) for x in range(1, n + 1)][0m
[32m+ 9:     return [(('Fizz' if x % 3 == 1 else '') + ('Buzz' if x % 5 == 0 else '') or str(x)) for x in range(1, n + 1)][0m
--------------------------------------------------------------------------------
[0.11362 s] [32mkilled[0m by ts-3,5/test-3,5-0,5-1.py::test_fizz_buzz_divisible_by_3

def test_fizz_buzz_divisible_by_3():
>       assert fizz_buzz.fizz_buzz(3) == ['1', '2', 'Fizz']
E       AssertionError

ts-3,5/test-3,5-0,5-1.py:4: AssertionError
[36m   -[0m [#   7] CRP fizz_buzz: 
--------------------------------------------------------------------------------
  5:     divisible by 5, add "Buzz", if it is 
  6:     divisible by both, add "FizzBuzz"
  7: 
  8:     '''
[34m- 9:     return [(('Fizz' if x % 3 == 0 else '') + ('Buzz' if x % 5 == 0 else '') or str(x)) for x in range(1, n + 1)][0m
[32m+ 9:     return [(('mutpy' if x % 3 == 0 else '') + ('Buzz' if x % 5 == 0 else '') or str(x)) for x in range(1, n + 1)][0m
--------------------------------------------------------------------------------
[0.10219 s] [32mkilled[0m by ts-3,5/test-3,5-0,5-1.py::test_fizz_buzz_divisible_by_3

def test_fizz_buzz_divisible_by_3():
>       assert fizz_buzz.fizz_buzz(3) == ['1', '2', 'Fizz']
E       AssertionError

ts-3,5/test-3,5-0,5-1.py:4: AssertionError
[36m   -[0m [#   8] CRP fizz_buzz: 
--------------------------------------------------------------------------------
  5:     divisible by 5, add "Buzz", if it is 
  6:     divisible by both, add "FizzBuzz"
  7: 
  8:     '''
[34m- 9:     return [(('Fizz' if x % 3 == 0 else '') + ('Buzz' if x % 5 == 0 else '') or str(x)) for x in range(1, n + 1)][0m
[32m+ 9:     return [(('' if x % 3 == 0 else '') + ('Buzz' if x % 5 == 0 else '') or str(x)) for x in range(1, n + 1)][0m
--------------------------------------------------------------------------------
[0.10159 s] [32mkilled[0m by ts-3,5/test-3,5-0,5-1.py::test_fizz_buzz_divisible_by_3

def test_fizz_buzz_divisible_by_3():
>       assert fizz_buzz.fizz_buzz(3) == ['1', '2', 'Fizz']
E       AssertionError

ts-3,5/test-3,5-0,5-1.py:4: AssertionError
[36m   -[0m [#   9] CRP fizz_buzz: 
--------------------------------------------------------------------------------
  5:     divisible by 5, add "Buzz", if it is 
  6:     divisible by both, add "FizzBuzz"
  7: 
  8:     '''
[34m- 9:     return [(('Fizz' if x % 3 == 0 else '') + ('Buzz' if x % 5 == 0 else '') or str(x)) for x in range(1, n + 1)][0m
[32m+ 9:     return [(('Fizz' if x % 3 == 0 else 'mutpy') + ('Buzz' if x % 5 == 0 else '') or str(x)) for x in range(1, n + 1)][0m
--------------------------------------------------------------------------------
[0.13534 s] [32mkilled[0m by ts-3,5/test-3,5-0,5-1.py::test_fizz_buzz_divisible_by_3

def test_fizz_buzz_divisible_by_3():
>       assert fizz_buzz.fizz_buzz(3) == ['1', '2', 'Fizz']
E       AssertionError

ts-3,5/test-3,5-0,5-1.py:4: AssertionError
[36m   -[0m [#  10] CRP fizz_buzz: 
--------------------------------------------------------------------------------
  5:     divisible by 5, add "Buzz", if it is 
  6:     divisible by both, add "FizzBuzz"
  7: 
  8:     '''
[34m- 9:     return [(('Fizz' if x % 3 == 0 else '') + ('Buzz' if x % 5 == 0 else '') or str(x)) for x in range(1, n + 1)][0m
[32m+ 9:     return [(('Fizz' if x % 3 == 0 else '') + ('Buzz' if x % 6 == 0 else '') or str(x)) for x in range(1, n + 1)][0m
--------------------------------------------------------------------------------
[0.11963 s] [32mkilled[0m by ts-3,5/test-3,5-0,5-1.py::test_fizz_buzz_divisible_by_5

def test_fizz_buzz_divisible_by_5():
>       assert fizz_buzz.fizz_buzz(5) == ['1', '2', 'Fizz', '4', 'Buzz']
E       AssertionError

ts-3,5/test-3,5-0,5-1.py:7: AssertionError
[36m   -[0m [#  11] CRP fizz_buzz: 
--------------------------------------------------------------------------------
  5:     divisible by 5, add "Buzz", if it is 
  6:     divisible by both, add "FizzBuzz"
  7: 
  8:     '''
[34m- 9:     return [(('Fizz' if x % 3 == 0 else '') + ('Buzz' if x % 5 == 0 else '') or str(x)) for x in range(1, n + 1)][0m
[32m+ 9:     return [(('Fizz' if x % 3 == 0 else '') + ('Buzz' if x % 5 == 1 else '') or str(x)) for x in range(1, n + 1)][0m
--------------------------------------------------------------------------------
[0.13320 s] [32mkilled[0m by ts-3,5/test-3,5-0,5-1.py::test_fizz_buzz_divisible_by_3

def test_fizz_buzz_divisible_by_3():
>       assert fizz_buzz.fizz_buzz(3) == ['1', '2', 'Fizz']
E       AssertionError

ts-3,5/test-3,5-0,5-1.py:4: AssertionError
[36m   -[0m [#  12] CRP fizz_buzz: 
--------------------------------------------------------------------------------
  5:     divisible by 5, add "Buzz", if it is 
  6:     divisible by both, add "FizzBuzz"
  7: 
  8:     '''
[34m- 9:     return [(('Fizz' if x % 3 == 0 else '') + ('Buzz' if x % 5 == 0 else '') or str(x)) for x in range(1, n + 1)][0m
[32m+ 9:     return [(('Fizz' if x % 3 == 0 else '') + ('mutpy' if x % 5 == 0 else '') or str(x)) for x in range(1, n + 1)][0m
--------------------------------------------------------------------------------
[0.10362 s] [32mkilled[0m by ts-3,5/test-3,5-0,5-1.py::test_fizz_buzz_divisible_by_5

def test_fizz_buzz_divisible_by_5():
>       assert fizz_buzz.fizz_buzz(5) == ['1', '2', 'Fizz', '4', 'Buzz']
E       AssertionError

ts-3,5/test-3,5-0,5-1.py:7: AssertionError
[36m   -[0m [#  13] CRP fizz_buzz: 
--------------------------------------------------------------------------------
  5:     divisible by 5, add "Buzz", if it is 
  6:     divisible by both, add "FizzBuzz"
  7: 
  8:     '''
[34m- 9:     return [(('Fizz' if x % 3 == 0 else '') + ('Buzz' if x % 5 == 0 else '') or str(x)) for x in range(1, n + 1)][0m
[32m+ 9:     return [(('Fizz' if x % 3 == 0 else '') + ('' if x % 5 == 0 else '') or str(x)) for x in range(1, n + 1)][0m
--------------------------------------------------------------------------------
[0.10408 s] [32mkilled[0m by ts-3,5/test-3,5-0,5-1.py::test_fizz_buzz_divisible_by_5

def test_fizz_buzz_divisible_by_5():
>       assert fizz_buzz.fizz_buzz(5) == ['1', '2', 'Fizz', '4', 'Buzz']
E       AssertionError

ts-3,5/test-3,5-0,5-1.py:7: AssertionError
[36m   -[0m [#  14] CRP fizz_buzz: 
--------------------------------------------------------------------------------
  5:     divisible by 5, add "Buzz", if it is 
  6:     divisible by both, add "FizzBuzz"
  7: 
  8:     '''
[34m- 9:     return [(('Fizz' if x % 3 == 0 else '') + ('Buzz' if x % 5 == 0 else '') or str(x)) for x in range(1, n + 1)][0m
[32m+ 9:     return [(('Fizz' if x % 3 == 0 else '') + ('Buzz' if x % 5 == 0 else 'mutpy') or str(x)) for x in range(1, n + 1)][0m
--------------------------------------------------------------------------------
[0.11112 s] [32mkilled[0m by ts-3,5/test-3,5-0,5-1.py::test_fizz_buzz_divisible_by_3

def test_fizz_buzz_divisible_by_3():
>       assert fizz_buzz.fizz_buzz(3) == ['1', '2', 'Fizz']
E       AssertionError

ts-3,5/test-3,5-0,5-1.py:4: AssertionError
[36m   -[0m [#  15] CRP fizz_buzz: 
--------------------------------------------------------------------------------
  5:     divisible by 5, add "Buzz", if it is 
  6:     divisible by both, add "FizzBuzz"
  7: 
  8:     '''
[34m- 9:     return [(('Fizz' if x % 3 == 0 else '') + ('Buzz' if x % 5 == 0 else '') or str(x)) for x in range(1, n + 1)][0m
[32m+ 9:     return [(('Fizz' if x % 3 == 0 else '') + ('Buzz' if x % 5 == 0 else '') or str(x)) for x in range(2, n + 1)][0m
--------------------------------------------------------------------------------
[0.10330 s] [32mkilled[0m by ts-3,5/test-3,5-0,5-1.py::test_fizz_buzz_divisible_by_3

def test_fizz_buzz_divisible_by_3():
>       assert fizz_buzz.fizz_buzz(3) == ['1', '2', 'Fizz']
E       AssertionError

ts-3,5/test-3,5-0,5-1.py:4: AssertionError
[36m   -[0m [#  16] CRP fizz_buzz: 
--------------------------------------------------------------------------------
  5:     divisible by 5, add "Buzz", if it is 
  6:     divisible by both, add "FizzBuzz"
  7: 
  8:     '''
[34m- 9:     return [(('Fizz' if x % 3 == 0 else '') + ('Buzz' if x % 5 == 0 else '') or str(x)) for x in range(1, n + 1)][0m
[32m+ 9:     return [(('Fizz' if x % 3 == 0 else '') + ('Buzz' if x % 5 == 0 else '') or str(x)) for x in range(1, n + 2)][0m
--------------------------------------------------------------------------------
[0.11734 s] [32mkilled[0m by ts-3,5/test-3,5-0,5-1.py::test_fizz_buzz_divisible_by_3

def test_fizz_buzz_divisible_by_3():
>       assert fizz_buzz.fizz_buzz(3) == ['1', '2', 'Fizz']
E       AssertionError

ts-3,5/test-3,5-0,5-1.py:4: AssertionError
[36m   -[0m [#  17] LCR fizz_buzz: 
--------------------------------------------------------------------------------
  5:     divisible by 5, add "Buzz", if it is 
  6:     divisible by both, add "FizzBuzz"
  7: 
  8:     '''
[34m- 9:     return [(('Fizz' if x % 3 == 0 else '') + ('Buzz' if x % 5 == 0 else '') or str(x)) for x in range(1, n + 1)][0m
[32m+ 9:     return [(('Fizz' if x % 3 == 0 else '') + ('Buzz' if x % 5 == 0 else '') and str(x)) for x in range(1, n + 1)][0m
--------------------------------------------------------------------------------
[0.13399 s] [32mkilled[0m by ts-3,5/test-3,5-0,5-1.py::test_fizz_buzz_divisible_by_3

def test_fizz_buzz_divisible_by_3():
>       assert fizz_buzz.fizz_buzz(3) == ['1', '2', 'Fizz']
E       AssertionError

ts-3,5/test-3,5-0,5-1.py:4: AssertionError
[36m   -[0m [#  18] ROR fizz_buzz: 
--------------------------------------------------------------------------------
  5:     divisible by 5, add "Buzz", if it is 
  6:     divisible by both, add "FizzBuzz"
  7: 
  8:     '''
[34m- 9:     return [(('Fizz' if x % 3 == 0 else '') + ('Buzz' if x % 5 == 0 else '') or str(x)) for x in range(1, n + 1)][0m
[32m+ 9:     return [(('Fizz' if x % 3 != 0 else '') + ('Buzz' if x % 5 == 0 else '') or str(x)) for x in range(1, n + 1)][0m
--------------------------------------------------------------------------------
[0.12657 s] [32mkilled[0m by ts-3,5/test-3,5-0,5-1.py::test_fizz_buzz_divisible_by_3

def test_fizz_buzz_divisible_by_3():
>       assert fizz_buzz.fizz_buzz(3) == ['1', '2', 'Fizz']
E       AssertionError

ts-3,5/test-3,5-0,5-1.py:4: AssertionError
[36m   -[0m [#  19] ROR fizz_buzz: 
--------------------------------------------------------------------------------
  5:     divisible by 5, add "Buzz", if it is 
  6:     divisible by both, add "FizzBuzz"
  7: 
  8:     '''
[34m- 9:     return [(('Fizz' if x % 3 == 0 else '') + ('Buzz' if x % 5 == 0 else '') or str(x)) for x in range(1, n + 1)][0m
[32m+ 9:     return [(('Fizz' if x % 3 == 0 else '') + ('Buzz' if x % 5 != 0 else '') or str(x)) for x in range(1, n + 1)][0m
--------------------------------------------------------------------------------
[0.10319 s] [32mkilled[0m by ts-3,5/test-3,5-0,5-1.py::test_fizz_buzz_divisible_by_3

def test_fizz_buzz_divisible_by_3():
>       assert fizz_buzz.fizz_buzz(3) == ['1', '2', 'Fizz']
E       AssertionError

ts-3,5/test-3,5-0,5-1.py:4: AssertionError
[36m   -[0m [#  20] SDL fizz_buzz: 
--------------------------------------------------------------------------------
  5:     divisible by 5, add "Buzz", if it is 
  6:     divisible by both, add "FizzBuzz"
  7: 
  8:     '''
[34m- 9:     return [(('Fizz' if x % 3 == 0 else '') + ('Buzz' if x % 5 == 0 else '') or str(x)) for x in range(1, n + 1)][0m
[32m+ 9:     pass[0m
--------------------------------------------------------------------------------
[0.13269 s] [32mkilled[0m by ts-3,5/test-3,5-0,5-1.py::test_fizz_buzz_divisible_by_3

def test_fizz_buzz_divisible_by_3():
>       assert fizz_buzz.fizz_buzz(3) == ['1', '2', 'Fizz']
E       AssertionError

ts-3,5/test-3,5-0,5-1.py:4: AssertionError
[34m[*][0m Mutation score [2.95979 s]: [1m[34m100.0%[0m
[36m   -[0m all: 20
[36m   -[0m killed: 19 (95.0%)
[36m   -[0m survived: 0 (0.0%)
[36m   -[0m incompetent: 1 (5.0%)
[36m   -[0m timeout: 0 (0.0%)
